<?xml version="1.0" encoding="UTF-8"?>
<testng-results ignored="0" total="6" passed="6" failed="0" skipped="0">
  <reporter-output>
  </reporter-output>
  <suite started-at="2021-06-16T14:40:33Z" name="Suite" finished-at="2021-06-16T14:41:26Z" duration-ms="52658">
    <groups>
    </groups>
    <test started-at="2021-06-16T14:40:33Z" name="Test" finished-at="2021-06-16T14:41:26Z" duration-ms="52658">
      <class name="ApplicationPages.HomePageTest">
        <test-method is-config="true" signature="setup()[pri:0, instance:ApplicationPages.HomePageTest@7646731d]" started-at="2021-06-16T14:40:33Z" name="setup" finished-at="2021-06-16T14:40:48Z" duration-ms="14462" status="PASS">
          <reporter-output>
          </reporter-output>
        </test-method> <!-- setup -->
        <test-method is-config="true" signature="setUp()[pri:0, instance:ApplicationPages.LandingPageTest@70e29e14]" started-at="2021-06-16T14:40:48Z" name="setUp" finished-at="2021-06-16T14:40:56Z" duration-ms="8606" status="PASS">
          <reporter-output>
          </reporter-output>
        </test-method> <!-- setUp -->
        <test-method is-config="true" signature="setup()[pri:0, instance:ApplicationPages.LoginPageTest@3b1bb3ab]" started-at="2021-06-16T14:40:56Z" name="setup" finished-at="2021-06-16T14:41:17Z" duration-ms="20340" status="PASS">
          <reporter-output>
          </reporter-output>
        </test-method> <!-- setup -->
        <test-method signature="ValidateTheHeaderOptions()[pri:0, instance:ApplicationPages.HomePageTest@7646731d]" started-at="2021-06-16T14:41:17Z" name="ValidateTheHeaderOptions" finished-at="2021-06-16T14:41:17Z" duration-ms="133" status="PASS">
          <reporter-output>
          </reporter-output>
        </test-method> <!-- ValidateTheHeaderOptions -->
        <test-method is-config="true" signature="takeScreenShotOnFailed(org.testng.ITestResult)[pri:0, instance:ApplicationPages.HomePageTest@7646731d]" started-at="2021-06-16T14:41:17Z" name="takeScreenShotOnFailed" finished-at="2021-06-16T14:41:17Z" duration-ms="1" status="PASS">
          <params>
            <param index="0">
              <value>
                <![CDATA[[TestResult name=ValidateTheHeaderOptions status=SUCCESS method=HomePageTest.ValidateTheHeaderOptions()[pri:0, instance:ApplicationPages.HomePageTest@7646731d] output={null}]]]>
              </value>
            </param>
          </params>
          <reporter-output>
          </reporter-output>
        </test-method> <!-- takeScreenShotOnFailed -->
        <test-method signature="ValidateWomenShoppingPageisDisplayed()[pri:0, instance:ApplicationPages.HomePageTest@7646731d]" started-at="2021-06-16T14:41:17Z" name="ValidateWomenShoppingPageisDisplayed" finished-at="2021-06-16T14:41:19Z" duration-ms="2446" status="PASS">
          <reporter-output>
          </reporter-output>
        </test-method> <!-- ValidateWomenShoppingPageisDisplayed -->
        <test-method is-config="true" signature="takeScreenShotOnFailed(org.testng.ITestResult)[pri:0, instance:ApplicationPages.HomePageTest@7646731d]" started-at="2021-06-16T14:41:19Z" name="takeScreenShotOnFailed" finished-at="2021-06-16T14:41:19Z" duration-ms="1" status="PASS">
          <params>
            <param index="0">
              <value>
                <![CDATA[[TestResult name=ValidateWomenShoppingPageisDisplayed status=SUCCESS method=HomePageTest.ValidateWomenShoppingPageisDisplayed()[pri:0, instance:ApplicationPages.HomePageTest@7646731d] output={null}]]]>
              </value>
            </param>
          </params>
          <reporter-output>
          </reporter-output>
        </test-method> <!-- takeScreenShotOnFailed -->
        <test-method is-config="true" signature="teardown()[pri:0, instance:ApplicationPages.HomePageTest@7646731d]" started-at="2021-06-16T14:41:25Z" name="teardown" finished-at="2021-06-16T14:41:26Z" duration-ms="158" status="PASS">
          <reporter-output>
          </reporter-output>
        </test-method> <!-- teardown -->
        <test-method is-config="true" signature="teardown()[pri:0, instance:ApplicationPages.LandingPageTest@70e29e14]" started-at="2021-06-16T14:41:26Z" name="teardown" finished-at="2021-06-16T14:41:26Z" duration-ms="157" status="PASS">
          <reporter-output>
          </reporter-output>
        </test-method> <!-- teardown -->
        <test-method is-config="true" signature="teardown()[pri:0, instance:ApplicationPages.LoginPageTest@3b1bb3ab]" started-at="2021-06-16T14:41:26Z" name="teardown" finished-at="2021-06-16T14:41:26Z" duration-ms="212" status="PASS">
          <reporter-output>
          </reporter-output>
        </test-method> <!-- teardown -->
      </class> <!-- ApplicationPages.HomePageTest -->
      <class name="ApplicationPages.LandingPageTest">
        <test-method signature="ValidateClickSignIn()[pri:0, instance:ApplicationPages.LandingPageTest@70e29e14]" started-at="2021-06-16T14:41:19Z" name="ValidateClickSignIn" finished-at="2021-06-16T14:41:22Z" duration-ms="2553" status="PASS">
          <reporter-output>
          </reporter-output>
        </test-method> <!-- ValidateClickSignIn -->
      </class> <!-- ApplicationPages.LandingPageTest -->
      <class name="ApplicationPages.LoginPageTest">
        <test-method signature="validateLogin(java.lang.String, java.lang.String)[pri:0, instance:ApplicationPages.LoginPageTest@3b1bb3ab]" started-at="2021-06-16T14:41:22Z" name="validateLogin" data-provider="getData" finished-at="2021-06-16T14:41:25Z" duration-ms="3285" status="PASS">
          <params>
            <param index="0">
              <value>
                <![CDATA[tahera.firdose242017@gmail.com]]>
              </value>
            </param>
            <param index="1">
              <value>
                <![CDATA[Test@12345]]>
              </value>
            </param>
          </params>
          <reporter-output>
          </reporter-output>
        </test-method> <!-- validateLogin -->
        <test-method signature="validateLoginPageTitle()[pri:0, instance:ApplicationPages.LoginPageTest@3b1bb3ab]" started-at="2021-06-16T14:41:25Z" name="validateLoginPageTitle" finished-at="2021-06-16T14:41:25Z" duration-ms="194" status="PASS">
          <reporter-output>
          </reporter-output>
        </test-method> <!-- validateLoginPageTitle -->
        <test-method signature="validateLogo()[pri:0, instance:ApplicationPages.LoginPageTest@3b1bb3ab]" started-at="2021-06-16T14:41:25Z" name="validateLogo" finished-at="2021-06-16T14:41:25Z" duration-ms="59" status="PASS">
          <reporter-output>
          </reporter-output>
        </test-method> <!-- validateLogo -->
      </class> <!-- ApplicationPages.LoginPageTest -->
    </test> <!-- Test -->
  </suite> <!-- Suite -->
</testng-results>
